#
# There is insufficient memory for the Java Runtime Environment to continue.
# Native memory allocation (malloc) failed to allocate 32744 bytes for ChunkPool::allocate
# Possible reasons:
#   The system is out of physical RAM or swap space
#   In 32 bit mode, the process size limit was hit
# Possible solutions:
#   Reduce memory load on the system
#   Increase physical memory or swap space
#   Check if swap backing store is full
#   Use 64 bit Java on a 64 bit OS
#   Decrease Java heap size (-Xmx/-Xms)
#   Decrease number of Java threads
#   Decrease Java thread stack sizes (-Xss)
#   Set larger code cache with -XX:ReservedCodeCacheSize=
# This output file may be truncated or incomplete.
#
#  Out of Memory Error (allocation.cpp:273), pid=8924, tid=0x0000000000002e10
#
# JRE version: OpenJDK Runtime Environment (8.0_152-b01) (build 1.8.0_152-release-915-b01)
# Java VM: OpenJDK 64-Bit Server VM (25.152-b01 mixed mode windows-amd64 compressed oops)
# Failed to write core dump. Minidumps are not enabled by default on client versions of Windows
#

---------------  T H R E A D  ---------------

Current thread (0x0000000018732000):  JavaThread "C1 CompilerThread2" daemon [_thread_in_vm, id=11792, stack(0x000000001a070000,0x000000001a170000)]

Stack: [0x000000001a070000,0x000000001a170000]
[error occurred during error reporting (printing stack bounds), id 0xc0000005]

Native frames: (J=compiled Java code, j=interpreted, Vv=VM code, C=native code)


Current CompileTask:
C1: 810846 12994   !   2       com.intellij.openapi.extensions.impl.ExtensionPointImpl::getExtensions (118 bytes)


---------------  P R O C E S S  ---------------

Java Threads: ( => current thread )
  0x000000001aaa0800 JavaThread "Task worker for ':' Thread 3" [_thread_blocked, id=664, stack(0x0000000028de0000,0x0000000028ee0000)]
  0x000000001aa9d800 JavaThread "Task worker for ':' Thread 2" [_thread_in_Java, id=7204, stack(0x0000000028ce0000,0x0000000028de0000)]
  0x000000001aa94800 JavaThread "Task worker for ':'" [_thread_blocked, id=8128, stack(0x0000000028be0000,0x0000000028ce0000)]
  0x000000001aa96000 JavaThread "Cache worker for task history cache (C:\Users\ace\AndroidStudioProjects\iCam\.gradle\4.1\taskHistory)" [_thread_blocked, id=10480, stack(0x0000000028ae0000,0x0000000028be0000)]
  0x000000001aa9b800 JavaThread "Cache worker for file content cache (C:\Users\ace\AndroidStudioProjects\iCam\.gradle\4.1\fileContent)" [_thread_blocked, id=10680, stack(0x00000000289e0000,0x0000000028ae0000)]
  0x000000001aa97800 JavaThread "build operations Thread 4" [_thread_blocked, id=10268, stack(0x00000000288e0000,0x00000000289e0000)]
  0x000000001aa99000 JavaThread "build operations Thread 3" [_thread_blocked, id=8672, stack(0x00000000287e0000,0x00000000288e0000)]
  0x000000001aa9a000 JavaThread "build operations Thread 2" [_thread_blocked, id=4252, stack(0x00000000286e0000,0x00000000287e0000)]
  0x000000001aa98800 JavaThread "build operations" [_thread_blocked, id=648, stack(0x00000000285e0000,0x00000000286e0000)]
  0x000000001aa9a800 JavaThread "Cache worker for Artifact transforms cache (C:\Users\ace\.gradle\caches\transforms-1)" [_thread_blocked, id=9892, stack(0x00000000284e0000,0x00000000285e0000)]
  0x000000001aa94000 JavaThread "Cache worker for file hash cache (C:\Users\ace\AndroidStudioProjects\iCam\.gradle\4.1\fileHashes)" [_thread_blocked, id=228, stack(0x00000000283e0000,0x00000000284e0000)]
  0x000000001aa97000 JavaThread "Stdin handler" [_thread_blocked, id=11472, stack(0x00000000282e0000,0x00000000283e0000)]
  0x000000001cc12000 JavaThread "Asynchronous log dispatcher for DefaultDaemonConnection: socket connection from /127.0.0.1:61523 to /127.0.0.1:61544" [_thread_blocked, id=7020, stack(0x00000000281e0000,0x00000000282e0000)]
  0x000000001cc11000 JavaThread "Daemon worker Thread 3" [_thread_blocked, id=7940, stack(0x00000000280e0000,0x00000000281e0000)]
  0x000000001cc15800 JavaThread "Cancel handler" [_thread_blocked, id=8428, stack(0x0000000027fe0000,0x00000000280e0000)]
  0x000000001cc18000 JavaThread "Handler for socket connection from /127.0.0.1:61523 to /127.0.0.1:61544" [_thread_in_native, id=13236, stack(0x0000000027ee0000,0x0000000027fe0000)]
  0x000000001cc14000 JavaThread "Daemon Thread 3" [_thread_blocked, id=12716, stack(0x0000000027de0000,0x0000000027ee0000)]
  0x000000001cc13800 JavaThread "Memory manager" [_thread_blocked, id=2356, stack(0x0000000022fc0000,0x00000000230c0000)]
  0x000000001cc12800 JavaThread "pool-1-thread-1" [_thread_blocked, id=12360, stack(0x0000000022cc0000,0x0000000022dc0000)]
  0x000000001bf96800 JavaThread "File lock request listener" [_thread_in_native, id=11156, stack(0x000000001e090000,0x000000001e190000)]
  0x000000001c1d1000 JavaThread "Cache worker for file hash cache (C:\Users\ace\.gradle\caches\4.1\fileHashes)" [_thread_blocked, id=7532, stack(0x000000001df90000,0x000000001e090000)]
  0x000000001bebe800 JavaThread "Daemon periodic checks" [_thread_blocked, id=9088, stack(0x000000001d690000,0x000000001d790000)]
  0x000000001beb7800 JavaThread "Incoming local TCP Connector on port 61523" [_thread_in_native, id=9280, stack(0x000000001d450000,0x000000001d550000)]
  0x000000001a188800 JavaThread "Service Thread" daemon [_thread_blocked, id=3004, stack(0x000000001a570000,0x000000001a670000)]
=>0x0000000018732000 JavaThread "C1 CompilerThread2" daemon [_thread_in_vm, id=11792, stack(0x000000001a070000,0x000000001a170000)]
  0x000000001872e800 JavaThread "C2 CompilerThread1" daemon [_thread_in_native, id=13096, stack(0x0000000019f70000,0x000000001a070000)]
  0x000000001872b800 JavaThread "C2 CompilerThread0" daemon [_thread_in_native, id=9724, stack(0x0000000019e70000,0x0000000019f70000)]
  0x000000001872a000 JavaThread "Attach Listener" daemon [_thread_blocked, id=5596, stack(0x0000000019d70000,0x0000000019e70000)]
  0x0000000018729000 JavaThread "Signal Dispatcher" daemon [_thread_blocked, id=3768, stack(0x0000000019c70000,0x0000000019d70000)]
  0x0000000004dbc800 JavaThread "Finalizer" daemon [_thread_blocked, id=7320, stack(0x0000000019980000,0x0000000019a80000)]
  0x0000000004db1800 JavaThread "Reference Handler" daemon [_thread_blocked, id=10504, stack(0x0000000019880000,0x0000000019980000)]
  0x0000000004b8d800 JavaThread "main" [_thread_blocked, id=9380, stack(0x0000000004bc0000,0x0000000004cc0000)]

Other Threads:
  0x00000000186f5000 VMThread [stack: 0x0000000019780000,0x0000000019880000] [id=3036]
  0x000000001878b800 WatcherThread [stack: 0x000000001a670000,0x000000001a770000] [id=12012]

VM state:not at safepoint (normal execution)

VM Mutex/Monitor currently owned by a thread: None

Heap:
 PSYoungGen      total 192512K, used 90751K [0x00000000e0000000, 0x00000000ef680000, 0x0000000100000000)
  eden space 165888K, 54% used [0x00000000e0000000,0x00000000e589fec8,0x00000000ea200000)
  from space 26624K, 0% used [0x00000000ec180000,0x00000000ec180000,0x00000000edb80000)
  to   space 32256K, 0% used [0x00000000ea200000,0x00000000ea200000,0x00000000ec180000)
 ParOldGen       total 58880K, used 58599K [0x00000000a0000000, 0x00000000a3980000, 0x00000000e0000000)
  object space 58880K, 99% used [0x00000000a0000000,0x00000000a3939c20,0x00000000a3980000)
 Metaspace       used 80812K, capacity 84754K, committed 85012K, reserved 1122304K
  class space    used 10573K, capacity 11475K, committed 11540K, reserved 1048576K

Card table byte_map: [0x0000000014180000,0x0000000014490000] byte_map_base: 0x0000000013c80000

Marking Bits: (ParMarkBitMap*) 0x000000005f8b3950
 Begin Bits: [0x0000000014a90000, 0x0000000016290000)
 End Bits:   [0x0000000016290000, 0x0000000017a90000)

Polling page: 0x00000000034a0000

CodeCache: size=245760Kb used=38955Kb max_used=39044Kb free=206804Kb
 bounds [0x0000000004dc0000, 0x0000000007420000, 0x0000000013dc0000]
 total_blobs=11768 nmethods=10941 adapters=738
 compilation: enabled

Compilation events (10 events):
Event: 810.540 Thread 0x0000000018732000 nmethod 12993 0x00000000051e6b90 code [0x00000000051e6d60, 0x00000000051e73d8]
Event: 810.541 Thread 0x0000000018732000 12992       2       com.intellij.psi.impl.source.PsiFieldImpl::getNode (48 bytes)
Event: 810.543 Thread 0x0000000018732000 nmethod 12992 0x00000000063fb410 code [0x00000000063fb600, 0x00000000063fbcc8]
Event: 810.545 Thread 0x0000000018732000 12997       2       java.lang.CharacterData::of (120 bytes)
Event: 810.546 Thread 0x0000000018732000 nmethod 12997 0x0000000004f86910 code [0x0000000004f86aa0, 0x0000000004f86f70]
Event: 810.548 Thread 0x0000000018732000 12999       2       java.lang.String::toLowerCase (439 bytes)
Event: 810.551 Thread 0x0000000018732000 nmethod 12999 0x0000000006bdc8d0 code [0x0000000006bdcb40, 0x0000000006bdd718]
Event: 810.553 Thread 0x0000000018732000 13000       2       com.intellij.psi.impl.source.tree.java.PsiReferenceExpressionImpl::findChildByRole (119 bytes)
Event: 810.555 Thread 0x0000000018732000 nmethod 13000 0x0000000004ef06d0 code [0x0000000004ef08a0, 0x0000000004ef0be8]
Event: 810.555 Thread 0x0000000018732000 12994   !   2       com.intellij.openapi.extensions.impl.ExtensionPointImpl::getExtensions (118 bytes)

GC Heap History (10 events):
Event: 804.395 GC heap before
{Heap before GC invocations=26 (full 4):
 PSYoungGen      total 192512K, used 26604K [0x00000000e0000000, 0x00000000ef680000, 0x0000000100000000)
  eden space 165888K, 0% used [0x00000000e0000000,0x00000000e0000000,0x00000000ea200000)
  from space 26624K, 99% used [0x00000000ec180000,0x00000000edb7b180,0x00000000edb80000)
  to   space 32256K, 0% used [0x00000000ea200000,0x00000000ea200000,0x00000000ec180000)
 ParOldGen       total 58880K, used 55279K [0x00000000a0000000, 0x00000000a3980000, 0x00000000e0000000)
  object space 58880K, 93% used [0x00000000a0000000,0x00000000a35fbd00,0x00000000a3980000)
 Metaspace       used 77809K, capacity 81596K, committed 81812K, reserved 1120256K
  class space    used 10191K, capacity 11100K, committed 11156K, reserved 1048576K
Event: 805.826 GC heap after
Heap after GC invocations=26 (full 4):
 PSYoungGen      total 192512K, used 13593K [0x00000000e0000000, 0x00000000ef680000, 0x0000000100000000)
  eden space 165888K, 0% used [0x00000000e0000000,0x00000000e0000000,0x00000000ea200000)
  from space 26624K, 51% used [0x00000000ec180000,0x00000000ecec67c8,0x00000000edb80000)
  to   space 32256K, 0% used [0x00000000ea200000,0x00000000ea200000,0x00000000ec180000)
 ParOldGen       total 58880K, used 58803K [0x00000000a0000000, 0x00000000a3980000, 0x00000000e0000000)
  object space 58880K, 99% used [0x00000000a0000000,0x00000000a396ce60,0x00000000a3980000)
 Metaspace       used 77809K, capacity 81596K, committed 81812K, reserved 1120256K
  class space    used 10191K, capacity 11100K, committed 11156K, reserved 1048576K
}
Event: 807.511 GC heap before
{Heap before GC invocations=27 (full 5):
 PSYoungGen      total 192512K, used 179481K [0x00000000e0000000, 0x00000000ef680000, 0x0000000100000000)
  eden space 165888K, 100% used [0x00000000e0000000,0x00000000ea200000,0x00000000ea200000)
  from space 26624K, 51% used [0x00000000ec180000,0x00000000ecec67c8,0x00000000edb80000)
  to   space 32256K, 0% used [0x00000000ea200000,0x00000000ea200000,0x00000000ec180000)
 ParOldGen       total 58880K, used 58803K [0x00000000a0000000, 0x00000000a3980000, 0x00000000e0000000)
  object space 58880K, 99% used [0x00000000a0000000,0x00000000a396ce60,0x00000000a3980000)
 Metaspace       used 78794K, capacity 82574K, committed 82708K, reserved 1120256K
  class space    used 10343K, capacity 11247K, committed 11284K, reserved 1048576K
Event: 808.032 GC heap after
Heap after GC invocations=27 (full 5):
 PSYoungGen      total 192512K, used 2686K [0x00000000e0000000, 0x00000000ef680000, 0x0000000100000000)
  eden space 165888K, 0% used [0x00000000e0000000,0x00000000e0000000,0x00000000ea200000)
  from space 26624K, 10% used [0x00000000ec180000,0x00000000ec41fac8,0x00000000edb80000)
  to   space 32256K, 0% used [0x00000000ea200000,0x00000000ea200000,0x00000000ec180000)
 ParOldGen       total 58880K, used 58869K [0x00000000a0000000, 0x00000000a3980000, 0x00000000e0000000)
  object space 58880K, 99% used [0x00000000a0000000,0x00000000a397d5f0,0x00000000a3980000)
 Metaspace       used 78794K, capacity 82574K, committed 82708K, reserved 1120256K
  class space    used 10343K, capacity 11247K, committed 11284K, reserved 1048576K
}
Event: 808.475 GC heap before
{Heap before GC invocations=28 (full 6):
 PSYoungGen      total 192512K, used 132437K [0x00000000e0000000, 0x00000000ef680000, 0x0000000100000000)
  eden space 165888K, 78% used [0x00000000e0000000,0x00000000e7eb59e8,0x00000000ea200000)
  from space 26624K, 10% used [0x00000000ec180000,0x00000000ec41fac8,0x00000000edb80000)
  to   space 32256K, 0% used [0x00000000ea200000,0x00000000ea200000,0x00000000ec180000)
 ParOldGen       total 58880K, used 58869K [0x00000000a0000000, 0x00000000a3980000, 0x00000000e0000000)
  object space 58880K, 99% used [0x00000000a0000000,0x00000000a397d5f0,0x00000000a3980000)
 Metaspace       used 79648K, capacity 83472K, committed 83604K, reserved 1122304K
  class space    used 10466K, capacity 11392K, committed 11412K, reserved 1048576K
Event: 808.691 GC heap after
Heap after GC invocations=28 (full 6):
 PSYoungGen      total 192512K, used 13323K [0x00000000e0000000, 0x00000000ef680000, 0x0000000100000000)
  eden space 165888K, 8% used [0x00000000e0000000,0x00000000e0d02cd0,0x00000000ea200000)
  from space 26624K, 0% used [0x00000000ec180000,0x00000000ec180000,0x00000000edb80000)
  to   space 32256K, 0% used [0x00000000ea200000,0x00000000ea200000,0x00000000ec180000)
 ParOldGen       total 58880K, used 58850K [0x00000000a0000000, 0x00000000a3980000, 0x00000000e0000000)
  object space 58880K, 99% used [0x00000000a0000000,0x00000000a39788b8,0x00000000a3980000)
 Metaspace       used 79648K, capacity 83472K, committed 83604K, reserved 1122304K
  class space    used 10466K, capacity 11392K, committed 11412K, reserved 1048576K
}
Event: 808.901 GC heap before
{Heap before GC invocations=29 (full 7):
 PSYoungGen      total 192512K, used 128964K [0x00000000e0000000, 0x00000000ef680000, 0x0000000100000000)
  eden space 165888K, 77% used [0x00000000e0000000,0x00000000e7df1068,0x00000000ea200000)
  from space 26624K, 0% used [0x00000000ec180000,0x00000000ec180000,0x00000000edb80000)
  to   space 32256K, 0% used [0x00000000ea200000,0x00000000ea200000,0x00000000ec180000)
 ParOldGen       total 58880K, used 58850K [0x00000000a0000000, 0x00000000a3980000, 0x00000000e0000000)
  object space 58880K, 99% used [0x00000000a0000000,0x00000000a39788b8,0x00000000a3980000)
 Metaspace       used 80046K, capacity 83980K, committed 84244K, reserved 1122304K
  class space    used 10512K, capacity 11430K, committed 11540K, reserved 1048576K
Event: 809.114 GC heap after
Heap after GC invocations=29 (full 7):
 PSYoungGen      total 192512K, used 13540K [0x00000000e0000000, 0x00000000ef680000, 0x0000000100000000)
  eden space 165888K, 8% used [0x00000000e0000000,0x00000000e0d39398,0x00000000ea200000)
  from space 26624K, 0% used [0x00000000ec180000,0x00000000ec180000,0x00000000edb80000)
  to   space 32256K, 0% used [0x00000000ea200000,0x00000000ea200000,0x00000000ec180000)
 ParOldGen       total 58880K, used 58599K [0x00000000a0000000, 0x00000000a3980000, 0x00000000e0000000)
  object space 58880K, 99% used [0x00000000a0000000,0x00000000a3939c40,0x00000000a3980000)
 Metaspace       used 80046K, capacity 83980K, committed 84244K, reserved 1122304K
  class space    used 10512K, capacity 11430K, committed 11540K, reserved 1048576K
}
Event: 809.133 GC heap before
{Heap before GC invocations=30 (full 8):
 PSYoungGen      total 192512K, used 126654K [0x00000000e0000000, 0x00000000ef680000, 0x0000000100000000)
  eden space 165888K, 76% used [0x00000000e0000000,0x00000000e7bafae8,0x00000000ea200000)
  from space 26624K, 0% used [0x00000000ec180000,0x00000000ec180000,0x00000000edb80000)
  to   space 32256K, 0% used [0x00000000ea200000,0x00000000ea200000,0x00000000ec180000)
 ParOldGen       total 58880K, used 58599K [0x00000000a0000000, 0x00000000a3980000, 0x00000000e0000000)
  object space 58880K, 99% used [0x00000000a0000000,0x00000000a3939c40,0x00000000a3980000)
 Metaspace       used 80062K, capacity 83992K, committed 84244K, reserved 1122304K
  class space    used 10514K, capacity 11432K, committed 11540K, reserved 1048576K
Event: 809.300 GC heap after
Heap after GC invocations=30 (full 8):
 PSYoungGen      total 192512K, used 13173K [0x00000000e0000000, 0x00000000ef680000, 0x0000000100000000)
  eden space 165888K, 7% used [0x00000000e0000000,0x00000000e0cdd750,0x00000000ea200000)
  from space 26624K, 0% used [0x00000000ec180000,0x00000000ec180000,0x00000000edb80000)
  to   space 32256K, 0% used [0x00000000ea200000,0x00000000ea200000,0x00000000ec180000)
 ParOldGen       total 58880K, used 58599K [0x00000000a0000000, 0x00000000a3980000, 0x00000000e0000000)
  object space 58880K, 99% used [0x00000000a0000000,0x00000000a3939c20,0x00000000a3980000)
 Metaspace       used 80062K, capacity 83992K, committed 84244K, reserved 1122304K
  class space    used 10514K, capacity 11432K, committed 11540K, reserved 1048576K
}

Deoptimization events (10 events):
Event: 809.517 Thread 0x000000001aa9d800 Uncommon trap: reason=unstable_if action=reinterpret pc=0x0000000006cc7718 method=com.sun.org.apache.xerces.internal.impl.XMLEntityScanner.scanLiteral(ILcom/sun/org/apache/xerces/internal/xni/XMLString;Z)I @ 44
Event: 809.517 Thread 0x000000001aa9d800 Uncommon trap: reason=unstable_if action=reinterpret pc=0x00000000072ab8ac method=gnu.trove.TObjectHash.insertionIndex(Ljava/lang/Object;)I @ 182
Event: 809.532 Thread 0x000000001aa9d800 Uncommon trap: reason=class_check action=maybe_recompile pc=0x00000000071e1a98 method=com.intellij.psi.impl.source.tree.SharedImplUtil.findFileElement(Lcom/intellij/lang/ASTNode;)Lcom/intellij/lang/FileASTNode; @ 100
Event: 809.533 Thread 0x000000001aa9d800 Uncommon trap: reason=class_check action=maybe_recompile pc=0x00000000071e1a98 method=com.intellij.psi.impl.source.tree.SharedImplUtil.findFileElement(Lcom/intellij/lang/ASTNode;)Lcom/intellij/lang/FileASTNode; @ 100
Event: 809.533 Thread 0x000000001aa9d800 Uncommon trap: reason=class_check action=maybe_recompile pc=0x00000000071e1a98 method=com.intellij.psi.impl.source.tree.SharedImplUtil.findFileElement(Lcom/intellij/lang/ASTNode;)Lcom/intellij/lang/FileASTNode; @ 100
Event: 809.533 Thread 0x000000001aa9d800 Uncommon trap: reason=class_check action=maybe_recompile pc=0x00000000071e1a98 method=com.intellij.psi.impl.source.tree.SharedImplUtil.findFileElement(Lcom/intellij/lang/ASTNode;)Lcom/intellij/lang/FileASTNode; @ 100
Event: 809.753 Thread 0x000000001aa9d800 Uncommon trap: reason=bimorphic action=maybe_recompile pc=0x0000000006549244 method=java.util.LinkedHashMap.afterNodeInsertion(Z)V @ 15
Event: 810.149 Thread 0x000000001aa9d800 Uncommon trap: reason=unstable_if action=reinterpret pc=0x00000000071163a0 method=com.intellij.lang.impl.PsiBuilderImpl.whitespaceOrComment(Lcom/intellij/psi/tree/IElementType;)Z @ 19
Event: 810.454 Thread 0x000000001aa9d800 Uncommon trap: reason=unstable_if action=reinterpret pc=0x0000000005165a0c method=java.lang.Float.isNaN(F)Z @ 3
Event: 810.474 Thread 0x000000001aa9d800 Uncommon trap: reason=unstable_if action=reinterpret pc=0x0000000004ef7a80 method=java.lang.CharacterData.of(I)Ljava/lang/CharacterData; @ 4

Classes redefined (0 events):
No events

Internal exceptions (10 events):
Event: 804.302 Thread 0x000000001aa9d800 Exception <a 'java/lang/NoSuchMethodError': java.lang.Object.lambda$static$0(I)[Lcom/intellij/psi/PsiElement;> (0x00000000e4e223e0) thrown at [D:\src\AOSP-openjdk-cygwin\jdk8u\hotspot\src\share\vm\interpreter\linkResolver.cpp, line 584]
Event: 807.288 Thread 0x000000001aa9d800 Exception <a 'java/lang/NoSuchMethodError': java.lang.Object.lambda$static$0(I)[Lcom/intellij/psi/PsiField;> (0x00000000e30afbc0) thrown at [D:\src\AOSP-openjdk-cygwin\jdk8u\hotspot\src\share\vm\interpreter\linkResolver.cpp, line 584]
Event: 807.304 Thread 0x000000001aa9d800 Exception <a 'java/lang/NoSuchMethodError': java.lang.Object.lambda$static$0(I)[Lcom/intellij/psi/PsiClassInitializer;> (0x00000000e3125590) thrown at [D:\src\AOSP-openjdk-cygwin\jdk8u\hotspot\src\share\vm\interpreter\linkResolver.cpp, line 584]
Event: 807.316 Thread 0x000000001aa9d800 Exception <a 'java/lang/NoSuchMethodError': java.lang.Object.lambda$static$0(I)[Lcom/intellij/psi/PsiMethod;> (0x00000000e312f9c0) thrown at [D:\src\AOSP-openjdk-cygwin\jdk8u\hotspot\src\share\vm\interpreter\linkResolver.cpp, line 584]
Event: 807.352 Thread 0x000000001aa9d800 Exception <a 'java/lang/NoSuchMethodError': java.lang.Object.lambda$static$0(I)[Lcom/intellij/psi/PsiParameter;> (0x00000000e31a8ba8) thrown at [D:\src\AOSP-openjdk-cygwin\jdk8u\hotspot\src\share\vm\interpreter\linkResolver.cpp, line 584]
Event: 807.378 Thread 0x000000001aa9d800 Exception <a 'java/lang/NoSuchMethodError': java.lang.Object.lambda$static$0(I)[Lcom/intellij/psi/PsiStatement;> (0x00000000e9e34d58) thrown at [D:\src\AOSP-openjdk-cygwin\jdk8u\hotspot\src\share\vm\interpreter\linkResolver.cpp, line 584]
Event: 807.406 Thread 0x000000001aa9d800 Exception <a 'java/lang/NoSuchMethodError': java.lang.Object.lambda$static$0(I)[Lcom/intellij/psi/PsiExpression;> (0x00000000e9efef40) thrown at [D:\src\AOSP-openjdk-cygwin\jdk8u\hotspot\src\share\vm\interpreter\linkResolver.cpp, line 584]
Event: 807.407 Thread 0x000000001aa9d800 Exception <a 'java/lang/NoSuchMethodError': java.lang.Object.lambda$static$1(Lcom/intellij/psi/PsiExpression;)Lcom/intellij/psi/PsiType;> (0x00000000e9f01ee8) thrown at [D:\src\AOSP-openjdk-cygwin\jdk8u\hotspot\src\share\vm\interpreter\linkResolver.cpp, l
Event: 808.233 Thread 0x000000001aa9d800 Exception <a 'java/lang/NoSuchMethodError': java.lang.Object.lambda$static$0(I)[Lcom/intellij/psi/PsiNameValuePair;> (0x00000000e02b3c48) thrown at [D:\src\AOSP-openjdk-cygwin\jdk8u\hotspot\src\share\vm\interpreter\linkResolver.cpp, line 584]
Event: 808.382 Thread 0x000000001aa9d800 Implicit null exception at 0x000000000714d5f8 to 0x0000000007152a69

Events (10 events):
Event: 810.541 Thread 0x0000000018732000 flushing nmethod 0x0000000006989850
Event: 810.543 Thread 0x0000000018732000 flushing nmethod 0x0000000006abe550
Event: 810.543 Thread 0x0000000018732000 flushing nmethod 0x0000000006b1b050
Event: 810.543 Thread 0x0000000018732000 flushing nmethod 0x0000000006b21ed0
Event: 810.543 Thread 0x0000000018732000 flushing nmethod 0x0000000006b373d0
Event: 810.543 Thread 0x0000000018732000 flushing nmethod 0x0000000006b37dd0
Event: 810.544 Thread 0x0000000018732000 flushing nmethod 0x0000000006b4a890
Event: 810.544 Thread 0x0000000018732000 flushing nmethod 0x0000000006bdc8d0
Event: 810.544 Thread 0x0000000018732000 flushing nmethod 0x0000000006bf1d90
Event: 810.546 Thread 0x0000000018732000 flushing nmethod 0x0000000006e111d0


Dynamic libraries:
0x00007ff665710000 - 0x00007ff665741000 	C:\Program Files\Android\Android Studio\jre\bin\java.exe
0x00007fff247f0000 - 0x00007fff249d0000 	C:\WINDOWS\SYSTEM32\ntdll.dll
0x00007fff21cc0000 - 0x00007fff21d6e000 	C:\WINDOWS\System32\KERNEL32.DLL
0x00007fff21300000 - 0x00007fff21566000 	C:\WINDOWS\System32\KERNELBASE.dll
0x00007fff24590000 - 0x00007fff24631000 	C:\WINDOWS\System32\ADVAPI32.dll
0x00007fff22430000 - 0x00007fff224cd000 	C:\WINDOWS\System32\msvcrt.dll
0x00007fff22090000 - 0x00007fff220eb000 	C:\WINDOWS\System32\sechost.dll
0x00007fff22130000 - 0x00007fff2224f000 	C:\WINDOWS\System32\RPCRT4.dll
0x00007fff22d90000 - 0x00007fff22f1f000 	C:\WINDOWS\System32\USER32.dll
0x00007fff20d50000 - 0x00007fff20d70000 	C:\WINDOWS\System32\win32u.dll
0x00007fff24710000 - 0x00007fff24738000 	C:\WINDOWS\System32\GDI32.dll
0x00007fff21160000 - 0x00007fff212f3000 	C:\WINDOWS\System32\gdi32full.dll
0x00007fff20df0000 - 0x00007fff20e8b000 	C:\WINDOWS\System32\msvcp_win.dll
0x00007fff21060000 - 0x00007fff21156000 	C:\WINDOWS\System32\ucrtbase.dll
0x00007fff0ee80000 - 0x00007fff0f0e9000 	C:\WINDOWS\WinSxS\amd64_microsoft.windows.common-controls_6595b64144ccf1df_6.0.16299.371_none_15c7d1789365a290\COMCTL32.dll
0x00007fff21d80000 - 0x00007fff22088000 	C:\WINDOWS\System32\combase.dll
0x00007fff20d70000 - 0x00007fff20de2000 	C:\WINDOWS\System32\bcryptPrimitives.dll
0x00007fff22100000 - 0x00007fff2212d000 	C:\WINDOWS\System32\IMM32.DLL
0x0000000060560000 - 0x0000000060632000 	C:\Program Files\Android\Android Studio\jre\jre\bin\msvcr100.dll
0x000000005f0f0000 - 0x000000005f92e000 	C:\Program Files\Android\Android Studio\jre\jre\bin\server\jvm.dll
0x00007fff220f0000 - 0x00007fff220f8000 	C:\WINDOWS\System32\PSAPI.DLL
0x00007fff11ad0000 - 0x00007fff11ada000 	C:\WINDOWS\SYSTEM32\VERSION.dll
0x00007fff1e9c0000 - 0x00007fff1e9e3000 	C:\WINDOWS\SYSTEM32\WINMM.dll
0x00007fff00a10000 - 0x00007fff00a19000 	C:\WINDOWS\SYSTEM32\WSOCK32.dll
0x00007fff223c0000 - 0x00007fff2242c000 	C:\WINDOWS\System32\WS2_32.dll
0x00007fff1e690000 - 0x00007fff1e6ba000 	C:\WINDOWS\SYSTEM32\winmmbase.dll
0x00007fff20bf0000 - 0x00007fff20c3a000 	C:\WINDOWS\System32\cfgmgr32.dll
0x00007fff1a5e0000 - 0x00007fff1a5ef000 	C:\Program Files\Android\Android Studio\jre\jre\bin\verify.dll
0x00007fff06d80000 - 0x00007fff06da9000 	C:\Program Files\Android\Android Studio\jre\jre\bin\java.dll
0x00007fff009a0000 - 0x00007fff009b6000 	C:\Program Files\Android\Android Studio\jre\jre\bin\zip.dll
0x00007fff23090000 - 0x00007fff244c6000 	C:\WINDOWS\System32\SHELL32.dll
0x00007fff22ce0000 - 0x00007fff22d86000 	C:\WINDOWS\System32\shcore.dll
0x00007fff21570000 - 0x00007fff21cb7000 	C:\WINDOWS\System32\windows.storage.dll
0x00007fff24530000 - 0x00007fff24581000 	C:\WINDOWS\System32\shlwapi.dll
0x00007fff20bd0000 - 0x00007fff20be1000 	C:\WINDOWS\System32\kernel.appcore.dll
0x00007fff20b60000 - 0x00007fff20bac000 	C:\WINDOWS\System32\powrprof.dll
0x00007fff20b40000 - 0x00007fff20b5b000 	C:\WINDOWS\System32\profapi.dll
0x00007ffefafd0000 - 0x00007ffefafea000 	C:\Program Files\Android\Android Studio\jre\jre\bin\net.dll
0x00007fff203d0000 - 0x00007fff20436000 	C:\WINDOWS\system32\mswsock.dll
0x00007ffefae70000 - 0x00007ffefae81000 	C:\Program Files\Android\Android Studio\jre\jre\bin\nio.dll
0x00007fff00940000 - 0x00007fff0095e000 	C:\Users\ace\.gradle\native\25\windows-amd64\native-platform.dll
0x00007fff1b130000 - 0x00007fff1b13d000 	C:\Program Files\Android\Android Studio\jre\jre\bin\management.dll
0x00007fff20590000 - 0x00007fff205a7000 	C:\WINDOWS\SYSTEM32\CRYPTSP.dll
0x00007fff1ffd0000 - 0x00007fff20003000 	C:\WINDOWS\system32\rsaenh.dll
0x00007fff206a0000 - 0x00007fff206c5000 	C:\WINDOWS\SYSTEM32\bcrypt.dll
0x00007fff20a70000 - 0x00007fff20a99000 	C:\WINDOWS\SYSTEM32\USERENV.dll
0x00007fff205b0000 - 0x00007fff205bb000 	C:\WINDOWS\SYSTEM32\CRYPTBASE.dll
0x00007fff20160000 - 0x00007fff20199000 	C:\WINDOWS\SYSTEM32\IPHLPAPI.DLL
0x00007fff22ac0000 - 0x00007fff22ac8000 	C:\WINDOWS\System32\NSI.dll
0x00007fff17260000 - 0x00007fff17276000 	C:\WINDOWS\SYSTEM32\dhcpcsvc6.DLL
0x00007fff17240000 - 0x00007fff1725a000 	C:\WINDOWS\SYSTEM32\dhcpcsvc.DLL

VM Arguments:
jvm_args: -Xmx1536m -Dfile.encoding=windows-1252 -Duser.country=US -Duser.language=en -Duser.variant 
java_command: org.gradle.launcher.daemon.bootstrap.GradleDaemon 4.1
java_class_path (initial): C:\Program Files\Android\Android Studio\gradle\gradle-4.1\lib\gradle-launcher-4.1.jar
Launcher Type: SUN_STANDARD

Environment Variables:
JAVA_HOME=C:\Program Files\Java\jdk1.8.0_11
PATH=C:\WINDOWS\system32;C:\WINDOWS;C:\WINDOWS\System32\Wbem;C:\WINDOWS\System32\WindowsPowerShell\v1.0\;C:\Program Files (x86)\Windows Kits\8.1\Windows Performance Toolkit\;C:\Program Files\Microsoft SQL Server\110\Tools\Binn\;C:\Program Files\Git\cmd;C:\Program Files\nodejs\;C:\Users\ace\AppData\Local\Microsoft\WindowsApps;C:\Users\ace\AppData\Local\Android\sdk\platform-tools;C:\Users\ace\AppData\Roaming\npm
USERNAME=ace
OS=Windows_NT
PROCESSOR_IDENTIFIER=Intel64 Family 6 Model 61 Stepping 4, GenuineIntel



---------------  S Y S T E M  ---------------

OS: Windows 10.0 , 64 bit Build 16299 (10.0.16299.15)

CPU:total 4 (initial active 4) (2 cores per cpu, 2 threads per core) family 6 model 61 stepping 4, cmov, cx8, fxsr, mmx, sse, sse2, sse3, ssse3, sse4.1, sse4.2, popcnt, avx, avx2, aes, clmul, erms, 3dnowpref, lzcnt, ht, tsc, tscinvbit, bmi1, bmi2, adx

Memory: 4k page, physical 4106964k(366312k free), swap 16689876k(2136k free)

vm_info: OpenJDK 64-Bit Server VM (25.152-b01) for windows-amd64 JRE (1.8.0_152-release-915-b01), built by "builder" with MS VC++ 10.0 (VS2010)

time: Fri Oct 26 20:44:11 2018
elapsed time: 810 seconds (0d 0h 13m 30s)

